# JRE version: OpenJDK Runtime Environment Temurin-17.0.13+11 (17.0.13+11) (build 17.0.13+11)
# Java VM: OpenJDK 64-Bit Server VM Temurin-17.0.13+11 (17.0.13+11, mixed mode, tiered, compressed oops, compressed class ptrs, parallel gc, windows-amd64)
GC Precious Log:
 CPUs: 4 total, 4 available
 Memory: 8081M
 Large Page Support: Disabled
 NUMA Support: Disabled
 Compressed Oops: Enabled (32-bit)
 Alignments: Space 512K, Generation 512K, Heap 2M
 Heap Min Capacity: 100M
 Heap Initial Capacity: 100M
 Heap Max Capacity: 1G
 Pre-touch: Disabled
 Parallel Workers: 4
Heap:
 PSYoungGen      total 2048K, used 1512K [0x00000000eab00000, 0x00000000eaf00000, 0x0000000100000000)
  eden space 1536K, 75% used [0x00000000eab00000,0x00000000eac22358,0x00000000eac80000)
  from space 512K, 68% used [0x00000000eae80000,0x00000000eaed8000,0x00000000eaf00000)
  to   space 512K, 0% used [0x00000000eae00000,0x00000000eae00000,0x00000000eae80000)
 ParOldGen       total 128000K, used 125219K [0x00000000c0000000, 0x00000000c7d00000, 0x00000000eab00000)
  object space 128000K, 97% used [0x00000000c0000000,0x00000000c7a48eb8,0x00000000c7d00000)
 Metaspace       used 97682K, committed 98816K, reserved 1179648K
  class space    used 9730K, committed 10176K, reserved 1048576K
GC Heap History (20 events):
Event: 17681.369 GC heap before
{Heap before GC invocations=4742 (full 109):
 PSYoungGen      total 2048K, used 2023K [0x00000000eab00000, 0x00000000eb080000, 0x0000000100000000)
  eden space 1536K, 100% used [0x00000000eab00000,0x00000000eac80000,0x00000000eac80000)
  from space 512K, 95% used [0x00000000eae80000,0x00000000eaef9e50,0x00000000eaf00000)
  to   space 2048K, 0% used [0x00000000eac80000,0x00000000eac80000,0x00000000eae80000)
 ParOldGen       total 128000K, used 120723K [0x00000000c0000000, 0x00000000c7d00000, 0x00000000eab00000)
  object space 128000K, 94% used [0x00000000c0000000,0x00000000c75e4fc8,0x00000000c7d00000)
 Metaspace       used 97681K, committed 98816K, reserved 1179648K
  class space    used 9730K, committed 10176K, reserved 1048576K
}
Event: 17681.371 GC heap after
{Heap after GC invocations=4742 (full 109):
 PSYoungGen      total 3584K, used 1600K [0x00000000eab00000, 0x00000000eb100000, 0x0000000100000000)
  eden space 1536K, 0% used [0x00000000eab00000,0x00000000eab00000,0x00000000eac80000)
  from space 2048K, 78% used [0x00000000eac80000,0x00000000eae10000,0x00000000eae80000)
  to   space 2048K, 0% used [0x00000000eaf00000,0x00000000eaf00000,0x00000000eb100000)
 ParOldGen       total 128000K, used 121240K [0x00000000c0000000, 0x00000000c7d00000, 0x00000000eab00000)
  object space 128000K, 94% used [0x00000000c0000000,0x00000000c7666098,0x00000000c7d00000)
 Metaspace       used 97681K, committed 98816K, reserved 1179648K
  class space    used 9730K, committed 10176K, reserved 1048576K
}
Event: 17681.501 GC heap before
{Heap before GC invocations=4743 (full 109):
 PSYoungGen      total 3584K, used 3136K [0x00000000eab00000, 0x00000000eb100000, 0x0000000100000000)
  eden space 1536K, 100% used [0x00000000eab00000,0x00000000eac80000,0x00000000eac80000)
  from space 2048K, 78% used [0x00000000eac80000,0x00000000eae10000,0x00000000eae80000)
  to   space 2048K, 0% used [0x00000000eaf00000,0x00000000eaf00000,0x00000000eb100000)
 ParOldGen       total 128000K, used 121240K [0x00000000c0000000, 0x00000000c7d00000, 0x00000000eab00000)
  object space 128000K, 94% used [0x00000000c0000000,0x00000000c7666098,0x00000000c7d00000)
 Metaspace       used 97682K, committed 98816K, reserved 1179648K
  class space    used 9730K, committed 10176K, reserved 1048576K
}
Event: 17681.504 GC heap after
{Heap after GC invocations=4743 (full 109):
 PSYoungGen      total 3072K, used 1248K [0x00000000eab00000, 0x00000000eb080000, 0x0000000100000000)
  eden space 1536K, 0% used [0x00000000eab00000,0x00000000eab00000,0x00000000eac80000)
  from space 1536K, 81% used [0x00000000eaf00000,0x00000000eb038000,0x00000000eb080000)
  to   space 1536K, 0% used [0x00000000ead80000,0x00000000ead80000,0x00000000eaf00000)
 ParOldGen       total 128000K, used 122760K [0x00000000c0000000, 0x00000000c7d00000, 0x00000000eab00000)
  object space 128000K, 95% used [0x00000000c0000000,0x00000000c77e2098,0x00000000c7d00000)
 Metaspace       used 97682K, committed 98816K, reserved 1179648K
  class space    used 9730K, committed 10176K, reserved 1048576K
}
Event: 17681.650 GC heap before
{Heap before GC invocations=4744 (full 109):
 PSYoungGen      total 3072K, used 2784K [0x00000000eab00000, 0x00000000eb080000, 0x0000000100000000)
  eden space 1536K, 100% used [0x00000000eab00000,0x00000000eac80000,0x00000000eac80000)
  from space 1536K, 81% used [0x00000000eaf00000,0x00000000eb038000,0x00000000eb080000)
  to   space 1536K, 0% used [0x00000000ead80000,0x00000000ead80000,0x00000000eaf00000)
 ParOldGen       total 128000K, used 122760K [0x00000000c0000000, 0x00000000c7d00000, 0x00000000eab00000)
  object space 128000K, 95% used [0x00000000c0000000,0x00000000c77e2098,0x00000000c7d00000)
 Metaspace       used 97682K, committed 98816K, reserved 1179648K
  class space    used 9730K, committed 10176K, reserved 1048576K
}
Event: 17681.651 GC heap after
{Heap after GC invocations=4744 (full 109):
 PSYoungGen      total 2048K, used 384K [0x00000000eab00000, 0x00000000eaf80000, 0x0000000100000000)
  eden space 1536K, 0% used [0x00000000eab00000,0x00000000eab00000,0x00000000eac80000)
  from space 512K, 75% used [0x00000000ead80000,0x00000000eade0020,0x00000000eae00000)
  to   space 1024K, 0% used [0x00000000eae80000,0x00000000eae80000,0x00000000eaf80000)
 ParOldGen       total 128000K, used 123942K [0x00000000c0000000, 0x00000000c7d00000, 0x00000000eab00000)
  object space 128000K, 96% used [0x00000000c0000000,0x00000000c7909ba8,0x00000000c7d00000)
 Metaspace       used 97682K, committed 98816K, reserved 1179648K
  class space    used 9730K, committed 10176K, reserved 1048576K
}
Event: 17681.660 GC heap before
{Heap before GC invocations=4745 (full 109):
 PSYoungGen      total 2048K, used 1920K [0x00000000eab00000, 0x00000000eaf80000, 0x0000000100000000)
  eden space 1536K, 100% used [0x00000000eab00000,0x00000000eac80000,0x00000000eac80000)
  from space 512K, 75% used [0x00000000ead80000,0x00000000eade0020,0x00000000eae00000)
  to   space 1024K, 0% used [0x00000000eae80000,0x00000000eae80000,0x00000000eaf80000)
 ParOldGen       total 128000K, used 123942K [0x00000000c0000000, 0x00000000c7d00000, 0x00000000eab00000)
  object space 128000K, 96% used [0x00000000c0000000,0x00000000c7909ba8,0x00000000c7d00000)
 Metaspace       used 97682K, committed 98816K, reserved 1179648K
  class space    used 9730K, committed 10176K, reserved 1048576K
}
Event: 17681.661 GC heap after
{Heap after GC invocations=4745 (full 109):
 PSYoungGen      total 2560K, used 576K [0x00000000eab00000, 0x00000000eaf80000, 0x0000000100000000)
  eden space 1536K, 0% used [0x00000000eab00000,0x00000000eab00000,0x00000000eac80000)
  from space 1024K, 56% used [0x00000000eae80000,0x00000000eaf10000,0x00000000eaf80000)
  to   space 1024K, 0% used [0x00000000ead80000,0x00000000ead80000,0x00000000eae80000)
 ParOldGen       total 128000K, used 124284K [0x00000000c0000000, 0x00000000c7d00000, 0x00000000eab00000)
  object space 128000K, 97% used [0x00000000c0000000,0x00000000c795f068,0x00000000c7d00000)
 Metaspace       used 97682K, committed 98816K, reserved 1179648K
  class space    used 9730K, committed 10176K, reserved 1048576K
}
Event: 17681.670 GC heap before
{Heap before GC invocations=4746 (full 109):
 PSYoungGen      total 2560K, used 2112K [0x00000000eab00000, 0x00000000eaf80000, 0x0000000100000000)
  eden space 1536K, 100% used [0x00000000eab00000,0x00000000eac80000,0x00000000eac80000)
  from space 1024K, 56% used [0x00000000eae80000,0x00000000eaf10000,0x00000000eaf80000)
  to   space 1024K, 0% used [0x00000000ead80000,0x00000000ead80000,0x00000000eae80000)
 ParOldGen       total 128000K, used 124284K [0x00000000c0000000, 0x00000000c7d00000, 0x00000000eab00000)
  object space 128000K, 97% used [0x00000000c0000000,0x00000000c795f068,0x00000000c7d00000)
 Metaspace       used 97682K, committed 98816K, reserved 1179648K
  class space    used 9730K, committed 10176K, reserved 1048576K
}
Event: 17681.671 GC heap after
{Heap after GC invocations=4746 (full 109):
 PSYoungGen      total 2560K, used 320K [0x00000000eab00000, 0x00000000eaf00000, 0x0000000100000000)
  eden space 1536K, 0% used [0x00000000eab00000,0x00000000eab00000,0x00000000eac80000)
  from space 1024K, 31% used [0x00000000ead80000,0x00000000eadd0000,0x00000000eae80000)
  to   space 512K, 0% used [0x00000000eae80000,0x00000000eae80000,0x00000000eaf00000)
 ParOldGen       total 128000K, used 124820K [0x00000000c0000000, 0x00000000c7d00000, 0x00000000eab00000)
  object space 128000K, 97% used [0x00000000c0000000,0x00000000c79e5088,0x00000000c7d00000)
 Metaspace       used 97682K, committed 98816K, reserved 1179648K
  class space    used 9730K, committed 10176K, reserved 1048576K
}
Event: 17681.680 GC heap before
{Heap before GC invocations=4747 (full 109):
 PSYoungGen      total 2560K, used 1856K [0x00000000eab00000, 0x00000000eaf00000, 0x0000000100000000)
  eden space 1536K, 100% used [0x00000000eab00000,0x00000000eac80000,0x00000000eac80000)
  from space 1024K, 31% used [0x00000000ead80000,0x00000000eadd0000,0x00000000eae80000)
  to   space 512K, 0% used [0x00000000eae80000,0x00000000eae80000,0x00000000eaf00000)
 ParOldGen       total 128000K, used 124820K [0x00000000c0000000, 0x00000000c7d00000, 0x00000000eab00000)
  object space 128000K, 97% used [0x00000000c0000000,0x00000000c79e5088,0x00000000c7d00000)
 Metaspace       used 97682K, committed 98816K, reserved 1179648K
  class space    used 9730K, committed 10176K, reserved 1048576K
}
Event: 17681.681 GC heap after
{Heap after GC invocations=4747 (full 109):
 PSYoungGen      total 2048K, used 64K [0x00000000eab00000, 0x00000000eaf00000, 0x0000000100000000)
  eden space 1536K, 0% used [0x00000000eab00000,0x00000000eab00000,0x00000000eac80000)
  from space 512K, 12% used [0x00000000eae80000,0x00000000eae90000,0x00000000eaf00000)
  to   space 512K, 0% used [0x00000000eae00000,0x00000000eae00000,0x00000000eae80000)
 ParOldGen       total 128000K, used 125069K [0x00000000c0000000, 0x00000000c7d00000, 0x00000000eab00000)
  object space 128000K, 97% used [0x00000000c0000000,0x00000000c7a23588,0x00000000c7d00000)
 Metaspace       used 97682K, committed 98816K, reserved 1179648K
  class space    used 9730K, committed 10176K, reserved 1048576K
}
Event: 17681.694 GC heap before
{Heap before GC invocations=4748 (full 109):
 PSYoungGen      total 2048K, used 1600K [0x00000000eab00000, 0x00000000eaf00000, 0x0000000100000000)
  eden space 1536K, 100% used [0x00000000eab00000,0x00000000eac80000,0x00000000eac80000)
  from space 512K, 12% used [0x00000000eae80000,0x00000000eae90000,0x00000000eaf00000)
  to   space 512K, 0% used [0x00000000eae00000,0x00000000eae00000,0x00000000eae80000)
 ParOldGen       total 128000K, used 125069K [0x00000000c0000000, 0x00000000c7d00000, 0x00000000eab00000)
  object space 128000K, 97% used [0x00000000c0000000,0x00000000c7a23588,0x00000000c7d00000)
 Metaspace       used 97682K, committed 98816K, reserved 1179648K
  class space    used 9730K, committed 10176K, reserved 1048576K
}
Event: 17681.695 GC heap after
{Heap after GC invocations=4748 (full 109):
 PSYoungGen      total 2048K, used 128K [0x00000000eab00000, 0x00000000eaf00000, 0x0000000100000000)
  eden space 1536K, 0% used [0x00000000eab00000,0x00000000eab00000,0x00000000eac80000)
  from space 512K, 25% used [0x00000000eae00000,0x00000000eae20000,0x00000000eae80000)
  to   space 512K, 0% used [0x00000000eae80000,0x00000000eae80000,0x00000000eaf00000)
 ParOldGen       total 128000K, used 125077K [0x00000000c0000000, 0x00000000c7d00000, 0x00000000eab00000)
  object space 128000K, 97% used [0x00000000c0000000,0x00000000c7a25588,0x00000000c7d00000)
 Metaspace       used 97682K, committed 98816K, reserved 1179648K
  class space    used 9730K, committed 10176K, reserved 1048576K
}
Event: 17681.704 GC heap before
{Heap before GC invocations=4749 (full 109):
 PSYoungGen      total 2048K, used 1662K [0x00000000eab00000, 0x00000000eaf00000, 0x0000000100000000)
  eden space 1536K, 99% used [0x00000000eab00000,0x00000000eac7f970,0x00000000eac80000)
  from space 512K, 25% used [0x00000000eae00000,0x00000000eae20000,0x00000000eae80000)
  to   space 512K, 0% used [0x00000000eae80000,0x00000000eae80000,0x00000000eaf00000)
 ParOldGen       total 128000K, used 125077K [0x00000000c0000000, 0x00000000c7d00000, 0x00000000eab00000)
  object space 128000K, 97% used [0x00000000c0000000,0x00000000c7a25588,0x00000000c7d00000)
 Metaspace       used 97682K, committed 98816K, reserved 1179648K
  class space    used 9730K, committed 10176K, reserved 1048576K
}
Event: 17681.704 GC heap after
{Heap after GC invocations=4749 (full 109):
 PSYoungGen      total 2048K, used 128K [0x00000000eab00000, 0x00000000eaf00000, 0x0000000100000000)
  eden space 1536K, 0% used [0x00000000eab00000,0x00000000eab00000,0x00000000eac80000)
  from space 512K, 25% used [0x00000000eae80000,0x00000000eaea0000,0x00000000eaf00000)
  to   space 512K, 0% used [0x00000000eae00000,0x00000000eae00000,0x00000000eae80000)
 ParOldGen       total 128000K, used 125101K [0x00000000c0000000, 0x00000000c7d00000, 0x00000000eab00000)
  object space 128000K, 97% used [0x00000000c0000000,0x00000000c7a2b588,0x00000000c7d00000)
 Metaspace       used 97682K, committed 98816K, reserved 1179648K
  class space    used 9730K, committed 10176K, reserved 1048576K
}
Event: 17681.744 GC heap before
{Heap before GC invocations=4750 (full 109):
 PSYoungGen      total 2048K, used 1664K [0x00000000eab00000, 0x00000000eaf00000, 0x0000000100000000)
  eden space 1536K, 100% used [0x00000000eab00000,0x00000000eac80000,0x00000000eac80000)
  from space 512K, 25% used [0x00000000eae80000,0x00000000eaea0000,0x00000000eaf00000)
  to   space 512K, 0% used [0x00000000eae00000,0x00000000eae00000,0x00000000eae80000)
 ParOldGen       total 128000K, used 125101K [0x00000000c0000000, 0x00000000c7d00000, 0x00000000eab00000)
  object space 128000K, 97% used [0x00000000c0000000,0x00000000c7a2b588,0x00000000c7d00000)
 Metaspace       used 97682K, committed 98816K, reserved 1179648K
  class space    used 9730K, committed 10176K, reserved 1048576K
}
Event: 17681.745 GC heap after
{Heap after GC invocations=4750 (full 109):
 PSYoungGen      total 2048K, used 464K [0x00000000eab00000, 0x00000000eaf00000, 0x0000000100000000)
  eden space 1536K, 0% used [0x00000000eab00000,0x00000000eab00000,0x00000000eac80000)
  from space 512K, 90% used [0x00000000eae00000,0x00000000eae74030,0x00000000eae80000)
  to   space 512K, 0% used [0x00000000eae80000,0x00000000eae80000,0x00000000eaf00000)
 ParOldGen       total 128000K, used 125131K [0x00000000c0000000, 0x00000000c7d00000, 0x00000000eab00000)
  object space 128000K, 97% used [0x00000000c0000000,0x00000000c7a32e98,0x00000000c7d00000)
 Metaspace       used 97682K, committed 98816K, reserved 1179648K
  class space    used 9730K, committed 10176K, reserved 1048576K
}
Event: 17681.751 GC heap before
{Heap before GC invocations=4751 (full 109):
 PSYoungGen      total 2048K, used 2000K [0x00000000eab00000, 0x00000000eaf00000, 0x0000000100000000)
  eden space 1536K, 100% used [0x00000000eab00000,0x00000000eac80000,0x00000000eac80000)
  from space 512K, 90% used [0x00000000eae00000,0x00000000eae74030,0x00000000eae80000)
  to   space 512K, 0% used [0x00000000eae80000,0x00000000eae80000,0x00000000eaf00000)
 ParOldGen       total 128000K, used 125131K [0x00000000c0000000, 0x00000000c7d00000, 0x00000000eab00000)
  object space 128000K, 97% used [0x00000000c0000000,0x00000000c7a32e98,0x00000000c7d00000)
 Metaspace       used 97682K, committed 98816K, reserved 1179648K
  class space    used 9730K, committed 10176K, reserved 1048576K
}
Event: 17681.752 GC heap after
{Heap after GC invocations=4751 (full 109):
 PSYoungGen      total 2048K, used 352K [0x00000000eab00000, 0x00000000eaf00000, 0x0000000100000000)
  eden space 1536K, 0% used [0x00000000eab00000,0x00000000eab00000,0x00000000eac80000)
  from space 512K, 68% used [0x00000000eae80000,0x00000000eaed8000,0x00000000eaf00000)
  to   space 512K, 0% used [0x00000000eae00000,0x00000000eae00000,0x00000000eae80000)
 ParOldGen       total 128000K, used 125219K [0x00000000c0000000, 0x00000000c7d00000, 0x00000000eab00000)
  object space 128000K, 97% used [0x00000000c0000000,0x00000000c7a48eb8,0x00000000c7d00000)
 Metaspace       used 97682K, committed 98816K, reserved 1179648K
  class space    used 9730K, committed 10176K, reserved 1048576K
}

